2019-09-20 16:06:33,710 [Worker-0: Loading available Gradle versions] INFO  o.e.b.c.i.u.g.PublishedGradleVersions - Gradle version information cache is up-to-date. Trying to read.
2019-09-20 16:08:17,535 [Worker-6: Loading available Gradle versions] INFO  o.e.b.c.i.u.g.PublishedGradleVersions - Gradle version information cache is up-to-date. Trying to read.
2020-01-13 13:20:04,375 [Worker-6: Loading available Gradle versions] INFO  o.e.b.c.i.u.g.PublishedGradleVersions - Gradle version information cache is not available. Remote download required.
2020-01-13 13:21:53,136 [Worker-0: Loading available Gradle versions] INFO  o.e.b.c.i.u.g.PublishedGradleVersions - Gradle version information cache is up-to-date. Trying to read.
2020-01-13 13:24:40,697 [Worker-1: Loading available Gradle versions] INFO  o.e.b.c.i.u.g.PublishedGradleVersions - Gradle version information cache is up-to-date. Trying to read.
2020-01-13 13:25:09,611 [Worker-0: Loading available Gradle versions] INFO  o.e.b.c.i.u.g.PublishedGradleVersions - Gradle version information cache is up-to-date. Trying to read.
2020-09-10 13:14:59,834 [Worker-0: Loading available Gradle versions] INFO  o.e.b.c.i.u.g.PublishedGradleVersions - Gradle version information cache is not available. Remote download required.
2020-09-10 13:16:01,009 [Worker-0: Loading available Gradle versions] INFO  o.e.b.c.i.u.g.PublishedGradleVersions - Gradle version information cache is up-to-date. Trying to read.
2020-09-28 13:28:43,917 [Worker-5: Loading available Gradle versions] INFO  o.e.b.c.i.u.g.PublishedGradleVersions - Gradle version information cache is out-of-date. Trying to update.
2020-09-28 13:37:54,600 [main] ERROR o.e.m.j.u.i.DownloadSourcesActionDelegate - Could not schedule source download
org.eclipse.jdt.core.JavaModelException: cloudcat-hive-ptest does not exist
	at org.eclipse.jdt.internal.core.JavaElement.newNotPresentException(JavaElement.java:575) ~[na:na]
	at org.eclipse.jdt.internal.core.JavaModelManager.getPerProjectInfoCheckExistence(JavaModelManager.java:2527) ~[na:na]
	at org.eclipse.jdt.internal.core.JavaProject.getPerProjectInfo(JavaProject.java:2384) ~[na:na]
	at org.eclipse.jdt.internal.core.JavaProject.getResolvedClasspath(JavaProject.java:2443) ~[na:na]
	at org.eclipse.jdt.internal.core.JavaProject.getClasspathEntryFor(JavaProject.java:1831) ~[na:na]
	at org.eclipse.jdt.internal.core.PackageFragmentRoot.getSourceAttachmentPath(PackageFragmentRoot.java:658) ~[na:na]
	at org.eclipse.m2e.jdt.ui.internal.DownloadSourcesActionDelegate.setActiveEditor(DownloadSourcesActionDelegate.java:51) ~[na:na]
	at org.eclipse.ui.internal.EditorPluginAction.editorChanged(EditorPluginAction.java:69) [org.eclipse.ui.workbench_3.115.0.v20190521-1602.jar:na]
	at org.eclipse.ui.internal.EditorActionBuilder$EditorContribution.editorChanged(EditorActionBuilder.java:79) [org.eclipse.ui.workbench_3.115.0.v20190521-1602.jar:na]
	at org.eclipse.ui.internal.EditorActionBuilder$ExternalContributor.setActiveEditor(EditorActionBuilder.java:125) [org.eclipse.ui.workbench_3.115.0.v20190521-1602.jar:na]
	at org.eclipse.ui.internal.EditorActionBars.partChanged(EditorActionBars.java:338) [org.eclipse.ui.workbench_3.115.0.v20190521-1602.jar:na]
	at org.eclipse.ui.internal.WorkbenchPage.updateActivations(WorkbenchPage.java:324) [org.eclipse.ui.workbench_3.115.0.v20190521-1602.jar:na]
	at org.eclipse.ui.internal.WorkbenchPage.access$2(WorkbenchPage.java:305) [org.eclipse.ui.workbench_3.115.0.v20190521-1602.jar:na]
	at org.eclipse.ui.internal.WorkbenchPage$E4PartListener.partActivated(WorkbenchPage.java:213) [org.eclipse.ui.workbench_3.115.0.v20190521-1602.jar:na]
	at org.eclipse.e4.ui.internal.workbench.PartServiceImpl$3.run(PartServiceImpl.java:253) [org.eclipse.e4.ui.workbench_1.10.0.v20190529-1505.jar:na]
	at org.eclipse.core.runtime.SafeRunner.run(SafeRunner.java:45) [org.eclipse.equinox.common_3.10.400.v20190516-1504.jar:na]
	at org.eclipse.e4.ui.internal.workbench.PartServiceImpl.firePartActivated(PartServiceImpl.java:250) [org.eclipse.e4.ui.workbench_1.10.0.v20190529-1505.jar:na]
	at org.eclipse.e4.ui.internal.workbench.PartServiceImpl.activate(PartServiceImpl.java:775) [org.eclipse.e4.ui.workbench_1.10.0.v20190529-1505.jar:na]
	at org.eclipse.e4.ui.internal.workbench.PartServiceImpl.activate(PartServiceImpl.java:684) [org.eclipse.e4.ui.workbench_1.10.0.v20190529-1505.jar:na]
	at org.eclipse.e4.ui.internal.workbench.swt.AbstractPartRenderer.activate(AbstractPartRenderer.java:97) [org.eclipse.e4.ui.workbench.swt_0.14.600.v20190513-2118.jar:na]
	at org.eclipse.e4.ui.workbench.renderers.swt.ContributedPartRenderer.lambda$0(ContributedPartRenderer.java:63) [org.eclipse.e4.ui.workbench.renderers.swt_0.14.700.v20190517-1525.jar:na]
	at org.eclipse.swt.widgets.EventTable.sendEvent(EventTable.java:89) ~[org.eclipse.swt.gtk.linux.x86_64_3.111.0.v20190605-1801.jar:na]
	at org.eclipse.swt.widgets.Display.sendEvent(Display.java:5874) ~[org.eclipse.swt.gtk.linux.x86_64_3.111.0.v20190605-1801.jar:na]
	at org.eclipse.swt.widgets.Widget.sendEvent(Widget.java:1400) ~[org.eclipse.swt.gtk.linux.x86_64_3.111.0.v20190605-1801.jar:na]
	at org.eclipse.swt.widgets.Widget.sendEvent(Widget.java:1426) ~[org.eclipse.swt.gtk.linux.x86_64_3.111.0.v20190605-1801.jar:na]
	at org.eclipse.swt.widgets.Widget.sendEvent(Widget.java:1409) ~[org.eclipse.swt.gtk.linux.x86_64_3.111.0.v20190605-1801.jar:na]
	at org.eclipse.swt.widgets.Shell.setActiveControl(Shell.java:2102) ~[org.eclipse.swt.gtk.linux.x86_64_3.111.0.v20190605-1801.jar:na]
	at org.eclipse.swt.widgets.Shell.setActiveControl(Shell.java:2065) ~[org.eclipse.swt.gtk.linux.x86_64_3.111.0.v20190605-1801.jar:na]
	at org.eclipse.swt.widgets.Control.sendFocusEvent(Control.java:4729) ~[org.eclipse.swt.gtk.linux.x86_64_3.111.0.v20190605-1801.jar:na]
	at org.eclipse.swt.widgets.Control.gtk_event_after(Control.java:3811) ~[org.eclipse.swt.gtk.linux.x86_64_3.111.0.v20190605-1801.jar:na]
	at org.eclipse.swt.widgets.Text.gtk_event_after(Text.java:1664) ~[org.eclipse.swt.gtk.linux.x86_64_3.111.0.v20190605-1801.jar:na]
	at org.eclipse.swt.widgets.Widget.windowProc(Widget.java:2228) ~[org.eclipse.swt.gtk.linux.x86_64_3.111.0.v20190605-1801.jar:na]
	at org.eclipse.swt.widgets.Control.windowProc(Control.java:6814) ~[org.eclipse.swt.gtk.linux.x86_64_3.111.0.v20190605-1801.jar:na]
	at org.eclipse.swt.widgets.Text.windowProc(Text.java:2935) ~[org.eclipse.swt.gtk.linux.x86_64_3.111.0.v20190605-1801.jar:na]
	at org.eclipse.swt.widgets.Display.windowProc(Display.java:6132) ~[org.eclipse.swt.gtk.linux.x86_64_3.111.0.v20190605-1801.jar:na]
	at org.eclipse.swt.internal.gtk.GTK._gtk_widget_grab_focus(Native Method) ~[org.eclipse.swt.gtk.linux.x86_64_3.111.0.v20190605-1801.jar:na]
	at org.eclipse.swt.internal.gtk.GTK.gtk_widget_grab_focus(GTK.java:8784) ~[org.eclipse.swt.gtk.linux.x86_64_3.111.0.v20190605-1801.jar:na]
	at org.eclipse.swt.widgets.Control.forceFocus(Control.java:2932) ~[org.eclipse.swt.gtk.linux.x86_64_3.111.0.v20190605-1801.jar:na]
	at org.eclipse.swt.widgets.Control.forceFocus(Control.java:2925) ~[org.eclipse.swt.gtk.linux.x86_64_3.111.0.v20190605-1801.jar:na]
	at org.eclipse.swt.widgets.Control.setFocus(Control.java:5414) ~[org.eclipse.swt.gtk.linux.x86_64_3.111.0.v20190605-1801.jar:na]
	at org.eclipse.swt.widgets.Composite.setFocus(Composite.java:1613) ~[org.eclipse.swt.gtk.linux.x86_64_3.111.0.v20190605-1801.jar:na]
	at org.eclipse.ui.internal.ErrorEditorPart.setFocus(ErrorEditorPart.java:84) ~[na:na]
	at org.eclipse.ui.internal.e4.compatibility.CompatibilityPart.delegateSetFocus(CompatibilityPart.java:222) ~[na:na]
	at sun.reflect.NativeMethodAccessorImpl.invoke0(Native Method) ~[na:1.8.0_262]
	at sun.reflect.NativeMethodAccessorImpl.invoke(NativeMethodAccessorImpl.java:62) ~[na:1.8.0_262]
	at sun.reflect.DelegatingMethodAccessorImpl.invoke(DelegatingMethodAccessorImpl.java:43) ~[na:1.8.0_262]
	at java.lang.reflect.Method.invoke(Method.java:498) ~[na:1.8.0_262]
	at org.eclipse.e4.core.internal.di.MethodRequestor.execute(MethodRequestor.java:58) ~[org.eclipse.e4.core.di_1.7.200.v20190506-1457.jar:na]
	at org.eclipse.e4.core.internal.di.InjectorImpl.invokeUsingClass(InjectorImpl.java:320) ~[org.eclipse.e4.core.di_1.7.200.v20190506-1457.jar:na]
	at org.eclipse.e4.core.internal.di.InjectorImpl.invokeUsingClass(InjectorImpl.java:326) ~[org.eclipse.e4.core.di_1.7.200.v20190506-1457.jar:na]
	at org.eclipse.e4.core.internal.di.InjectorImpl.invoke(InjectorImpl.java:248) ~[org.eclipse.e4.core.di_1.7.200.v20190506-1457.jar:na]
	at org.eclipse.e4.core.contexts.ContextInjectionFactory.invoke(ContextInjectionFactory.java:147) ~[org.eclipse.e4.core.contexts_1.8.100.v20190518-1217.jar:na]
	at org.eclipse.e4.ui.internal.workbench.swt.PartRenderingEngine.focusGui(PartRenderingEngine.java:808) ~[org.eclipse.e4.ui.workbench.swt_0.14.600.v20190513-2118.jar:na]
	at org.eclipse.e4.ui.workbench.renderers.swt.ContributedPartRenderer$1.setFocus(ContributedPartRenderer.java:106) ~[org.eclipse.e4.ui.workbench.renderers.swt_0.14.700.v20190517-1525.jar:na]
	at org.eclipse.swt.custom.CTabItem.setFocus(CTabItem.java:343) ~[org.eclipse.swt.gtk.linux.x86_64_3.111.0.v20190605-1801.jar:na]
	at org.eclipse.swt.custom.CTabFolder.setFocus(CTabFolder.java:2637) ~[org.eclipse.swt.gtk.linux.x86_64_3.111.0.v20190605-1801.jar:na]
	at org.eclipse.swt.widgets.Control.fixFocus(Control.java:343) ~[org.eclipse.swt.gtk.linux.x86_64_3.111.0.v20190605-1801.jar:na]
	at org.eclipse.swt.widgets.Control.setVisible(Control.java:6102) ~[org.eclipse.swt.gtk.linux.x86_64_3.111.0.v20190605-1801.jar:na]
	at org.eclipse.swt.custom.CTabFolder.setSelection(CTabFolder.java:3181) ~[org.eclipse.swt.gtk.linux.x86_64_3.111.0.v20190605-1801.jar:na]
	at org.eclipse.swt.custom.CTabFolder.setSelection(CTabFolder.java:3138) ~[org.eclipse.swt.gtk.linux.x86_64_3.111.0.v20190605-1801.jar:na]
	at org.eclipse.e4.ui.workbench.renderers.swt.StackRenderer.showTab(StackRenderer.java:1306) ~[org.eclipse.e4.ui.workbench.renderers.swt_0.14.700.v20190517-1525.jar:na]
	at org.eclipse.e4.ui.workbench.renderers.swt.LazyStackRenderer.lambda$0(LazyStackRenderer.java:75) ~[org.eclipse.e4.ui.workbench.renderers.swt_0.14.700.v20190517-1525.jar:na]
	at org.eclipse.e4.ui.services.internal.events.UIEventHandler.lambda$0(UIEventHandler.java:38) ~[org.eclipse.e4.ui.services_1.3.500.v20190513-2118.jar:na]
	at org.eclipse.swt.widgets.Synchronizer.syncExec(Synchronizer.java:236) ~[org.eclipse.swt.gtk.linux.x86_64_3.111.0.v20190605-1801.jar:na]
	at org.eclipse.ui.internal.UISynchronizer.syncExec(UISynchronizer.java:146) ~[na:na]
	at org.eclipse.swt.widgets.Display.syncExec(Display.java:6018) ~[org.eclipse.swt.gtk.linux.x86_64_3.111.0.v20190605-1801.jar:na]
	at org.eclipse.e4.ui.internal.workbench.swt.E4Application$1.syncExec(E4Application.java:219) ~[org.eclipse.e4.ui.workbench.swt_0.14.600.v20190513-2118.jar:na]
	at org.eclipse.e4.ui.services.internal.events.UIEventHandler.handleEvent(UIEventHandler.java:38) ~[org.eclipse.e4.ui.services_1.3.500.v20190513-2118.jar:na]
	at org.eclipse.equinox.internal.event.EventHandlerWrapper.handleEvent(EventHandlerWrapper.java:205) ~[na:na]
	at org.eclipse.equinox.internal.event.EventHandlerTracker.dispatchEvent(EventHandlerTracker.java:203) ~[na:na]
	at org.eclipse.equinox.internal.event.EventHandlerTracker.dispatchEvent(EventHandlerTracker.java:1) ~[na:na]
	at org.eclipse.osgi.framework.eventmgr.EventManager.dispatchEvent(EventManager.java:234) ~[org.eclipse.osgi_3.14.0.v20190517-1309.jar:na]
	at org.eclipse.osgi.framework.eventmgr.ListenerQueue.dispatchEventSynchronous(ListenerQueue.java:151) ~[org.eclipse.osgi_3.14.0.v20190517-1309.jar:na]
	at org.eclipse.equinox.internal.event.EventAdminImpl.dispatchEvent(EventAdminImpl.java:132) ~[na:na]
	at org.eclipse.equinox.internal.event.EventAdminImpl.sendEvent(EventAdminImpl.java:75) ~[na:na]
	at org.eclipse.equinox.internal.event.EventComponent.sendEvent(EventComponent.java:44) ~[na:na]
	at org.eclipse.e4.ui.services.internal.events.EventBroker.send(EventBroker.java:55) ~[org.eclipse.e4.ui.services_1.3.500.v20190513-2118.jar:na]
	at org.eclipse.e4.ui.internal.workbench.UIEventPublisher.notifyChanged(UIEventPublisher.java:63) ~[org.eclipse.e4.ui.workbench_1.10.0.v20190529-1505.jar:na]
	at org.eclipse.emf.common.notify.impl.BasicNotifierImpl.eNotify(BasicNotifierImpl.java:424) ~[org.eclipse.emf.common_2.16.0.v20190528-0845.jar:na]
	at org.eclipse.e4.ui.model.application.ui.impl.ElementContainerImpl.setSelectedElementGen(ElementContainerImpl.java:170) ~[org.eclipse.e4.ui.model.workbench_2.1.400.v20190513-2118.jar:na]
	at org.eclipse.e4.ui.model.application.ui.impl.ElementContainerImpl.setSelectedElement(ElementContainerImpl.java:188) ~[org.eclipse.e4.ui.model.workbench_2.1.400.v20190513-2118.jar:na]
	at org.eclipse.e4.ui.internal.workbench.ModelServiceImpl.showElementInWindow(ModelServiceImpl.java:652) ~[org.eclipse.e4.ui.workbench_1.10.0.v20190529-1505.jar:na]
	at org.eclipse.e4.ui.internal.workbench.ModelServiceImpl.bringToTop(ModelServiceImpl.java:616) ~[org.eclipse.e4.ui.workbench_1.10.0.v20190529-1505.jar:na]
	at org.eclipse.e4.ui.internal.workbench.PartServiceImpl.delegateBringToTop(PartServiceImpl.java:791) [org.eclipse.e4.ui.workbench_1.10.0.v20190529-1505.jar:na]
	at org.eclipse.e4.ui.internal.workbench.PartServiceImpl.showPart(PartServiceImpl.java:1237) [org.eclipse.e4.ui.workbench_1.10.0.v20190529-1505.jar:na]
	at org.eclipse.ui.internal.WorkbenchPage.busyOpenEditor(WorkbenchPage.java:3209) [org.eclipse.ui.workbench_3.115.0.v20190521-1602.jar:na]
	at org.eclipse.ui.internal.WorkbenchPage.lambda$9(WorkbenchPage.java:3114) [org.eclipse.ui.workbench_3.115.0.v20190521-1602.jar:na]
	at org.eclipse.swt.custom.BusyIndicator.showWhile(BusyIndicator.java:72) ~[org.eclipse.swt.gtk.linux.x86_64_3.111.0.v20190605-1801.jar:na]
	at org.eclipse.ui.internal.WorkbenchPage.openEditor(WorkbenchPage.java:3112) [org.eclipse.ui.workbench_3.115.0.v20190521-1602.jar:na]
	at org.eclipse.ui.internal.WorkbenchPage.openEditor(WorkbenchPage.java:3083) [org.eclipse.ui.workbench_3.115.0.v20190521-1602.jar:na]
	at org.eclipse.ui.internal.WorkbenchPage.openEditor(WorkbenchPage.java:3074) [org.eclipse.ui.workbench_3.115.0.v20190521-1602.jar:na]
	at org.eclipse.ui.internal.NavigationHistoryEntry.restoreLocation(NavigationHistoryEntry.java:68) ~[na:na]
	at org.eclipse.ui.internal.NavigationHistory.gotoEntry(NavigationHistory.java:436) ~[na:na]
	at org.eclipse.ui.internal.NavigationHistory.shiftEntry(NavigationHistory.java:495) ~[na:na]
	at org.eclipse.ui.internal.NavigationHistory.backward(NavigationHistory.java:479) ~[na:na]
	at org.eclipse.ui.internal.NavigationHistoryAction.run(NavigationHistoryAction.java:224) ~[na:na]
	at org.eclipse.jface.action.Action.runWithEvent(Action.java:474) ~[org.eclipse.jface_3.16.0.v20190528-0922.jar:na]
	at org.eclipse.jface.commands.ActionHandler.execute(ActionHandler.java:121) ~[org.eclipse.jface_3.16.0.v20190528-0922.jar:na]
	at org.eclipse.ui.internal.handlers.E4HandlerProxy.execute(E4HandlerProxy.java:95) ~[na:na]
	at sun.reflect.NativeMethodAccessorImpl.invoke0(Native Method) ~[na:1.8.0_262]
	at sun.reflect.NativeMethodAccessorImpl.invoke(NativeMethodAccessorImpl.java:62) ~[na:1.8.0_262]
	at sun.reflect.DelegatingMethodAccessorImpl.invoke(DelegatingMethodAccessorImpl.java:43) ~[na:1.8.0_262]
	at java.lang.reflect.Method.invoke(Method.java:498) ~[na:1.8.0_262]
	at org.eclipse.e4.core.internal.di.MethodRequestor.execute(MethodRequestor.java:58) ~[org.eclipse.e4.core.di_1.7.200.v20190506-1457.jar:na]
	at org.eclipse.e4.core.internal.di.InjectorImpl.invokeUsingClass(InjectorImpl.java:320) ~[org.eclipse.e4.core.di_1.7.200.v20190506-1457.jar:na]
	at org.eclipse.e4.core.internal.di.InjectorImpl.invoke(InjectorImpl.java:254) ~[org.eclipse.e4.core.di_1.7.200.v20190506-1457.jar:na]
	at org.eclipse.e4.core.contexts.ContextInjectionFactory.invoke(ContextInjectionFactory.java:173) ~[org.eclipse.e4.core.contexts_1.8.100.v20190518-1217.jar:na]
	at org.eclipse.e4.core.commands.internal.HandlerServiceHandler.execute(HandlerServiceHandler.java:156) ~[org.eclipse.e4.core.commands_0.12.600.v20190510-1100.jar:na]
	at org.eclipse.core.commands.Command.executeWithChecks(Command.java:498) ~[org.eclipse.core.commands_3.9.400.v20190516-1358.jar:na]
	at org.eclipse.core.commands.ParameterizedCommand.executeWithChecks(ParameterizedCommand.java:488) ~[org.eclipse.core.commands_3.9.400.v20190516-1358.jar:na]
	at org.eclipse.e4.core.commands.internal.HandlerServiceImpl.executeHandler(HandlerServiceImpl.java:213) ~[org.eclipse.e4.core.commands_0.12.600.v20190510-1100.jar:na]
	at org.eclipse.e4.ui.bindings.keys.KeyBindingDispatcher.executeCommand(KeyBindingDispatcher.java:308) ~[org.eclipse.e4.ui.bindings_0.12.500.v20190510-1100.jar:na]
	at org.eclipse.e4.ui.bindings.keys.KeyBindingDispatcher.press(KeyBindingDispatcher.java:584) ~[org.eclipse.e4.ui.bindings_0.12.500.v20190510-1100.jar:na]
	at org.eclipse.e4.ui.bindings.keys.KeyBindingDispatcher.processKeyEvent(KeyBindingDispatcher.java:653) ~[org.eclipse.e4.ui.bindings_0.12.500.v20190510-1100.jar:na]
	at org.eclipse.e4.ui.bindings.keys.KeyBindingDispatcher.filterKeySequenceBindings(KeyBindingDispatcher.java:443) ~[org.eclipse.e4.ui.bindings_0.12.500.v20190510-1100.jar:na]
	at org.eclipse.e4.ui.bindings.keys.KeyBindingDispatcher.access$2(KeyBindingDispatcher.java:386) ~[org.eclipse.e4.ui.bindings_0.12.500.v20190510-1100.jar:na]
	at org.eclipse.e4.ui.bindings.keys.KeyBindingDispatcher$KeyDownFilter.handleEvent(KeyBindingDispatcher.java:96) ~[org.eclipse.e4.ui.bindings_0.12.500.v20190510-1100.jar:na]
	at org.eclipse.swt.widgets.EventTable.sendEvent(EventTable.java:89) ~[org.eclipse.swt.gtk.linux.x86_64_3.111.0.v20190605-1801.jar:na]
	at org.eclipse.swt.widgets.Display.filterEvent(Display.java:1796) ~[org.eclipse.swt.gtk.linux.x86_64_3.111.0.v20190605-1801.jar:na]
	at org.eclipse.swt.widgets.Widget.sendEvent(Widget.java:1399) ~[org.eclipse.swt.gtk.linux.x86_64_3.111.0.v20190605-1801.jar:na]
	at org.eclipse.swt.widgets.Widget.sendEvent(Widget.java:1426) ~[org.eclipse.swt.gtk.linux.x86_64_3.111.0.v20190605-1801.jar:na]
	at org.eclipse.swt.widgets.Widget.sendEvent(Widget.java:1409) ~[org.eclipse.swt.gtk.linux.x86_64_3.111.0.v20190605-1801.jar:na]
	at org.eclipse.swt.widgets.Control.traverse(Control.java:6633) ~[org.eclipse.swt.gtk.linux.x86_64_3.111.0.v20190605-1801.jar:na]
	at org.eclipse.swt.widgets.Control.translateTraversal(Control.java:6611) ~[org.eclipse.swt.gtk.linux.x86_64_3.111.0.v20190605-1801.jar:na]
	at org.eclipse.swt.widgets.Composite.translateTraversal(Composite.java:1791) ~[org.eclipse.swt.gtk.linux.x86_64_3.111.0.v20190605-1801.jar:na]
	at org.eclipse.swt.widgets.Control.gtk_key_press_event(Control.java:3975) ~[org.eclipse.swt.gtk.linux.x86_64_3.111.0.v20190605-1801.jar:na]
	at org.eclipse.swt.widgets.Composite.gtk_key_press_event(Composite.java:857) ~[org.eclipse.swt.gtk.linux.x86_64_3.111.0.v20190605-1801.jar:na]
	at org.eclipse.swt.widgets.Widget.windowProc(Widget.java:2238) ~[org.eclipse.swt.gtk.linux.x86_64_3.111.0.v20190605-1801.jar:na]
	at org.eclipse.swt.widgets.Control.windowProc(Control.java:6814) ~[org.eclipse.swt.gtk.linux.x86_64_3.111.0.v20190605-1801.jar:na]
	at org.eclipse.swt.widgets.Display.windowProc(Display.java:6132) ~[org.eclipse.swt.gtk.linux.x86_64_3.111.0.v20190605-1801.jar:na]
	at org.eclipse.swt.internal.gtk.GTK._gtk_main_do_event(Native Method) ~[org.eclipse.swt.gtk.linux.x86_64_3.111.0.v20190605-1801.jar:na]
	at org.eclipse.swt.internal.gtk.GTK.gtk_main_do_event(GTK.java:4166) ~[org.eclipse.swt.gtk.linux.x86_64_3.111.0.v20190605-1801.jar:na]
	at org.eclipse.swt.widgets.Display.eventProc(Display.java:1429) ~[org.eclipse.swt.gtk.linux.x86_64_3.111.0.v20190605-1801.jar:na]
	at org.eclipse.swt.internal.gtk.OS._g_main_context_iteration(Native Method) ~[org.eclipse.swt.gtk.linux.x86_64_3.111.0.v20190605-1801.jar:na]
	at org.eclipse.swt.internal.gtk.OS.g_main_context_iteration(OS.java:1585) ~[org.eclipse.swt.gtk.linux.x86_64_3.111.0.v20190605-1801.jar:na]
	at org.eclipse.swt.widgets.Display.readAndDispatch(Display.java:4661) ~[org.eclipse.swt.gtk.linux.x86_64_3.111.0.v20190605-1801.jar:na]
	at org.eclipse.e4.ui.internal.workbench.swt.PartRenderingEngine$5.run(PartRenderingEngine.java:1173) ~[org.eclipse.e4.ui.workbench.swt_0.14.600.v20190513-2118.jar:na]
	at org.eclipse.core.databinding.observable.Realm.runWithDefault(Realm.java:338) ~[na:na]
	at org.eclipse.e4.ui.internal.workbench.swt.PartRenderingEngine.run(PartRenderingEngine.java:1062) ~[org.eclipse.e4.ui.workbench.swt_0.14.600.v20190513-2118.jar:na]
	at org.eclipse.e4.ui.internal.workbench.E4Workbench.createAndRunUI(E4Workbench.java:155) ~[org.eclipse.e4.ui.workbench_1.10.0.v20190529-1505.jar:na]
	at org.eclipse.ui.internal.Workbench.lambda$3(Workbench.java:635) ~[na:na]
	at org.eclipse.core.databinding.observable.Realm.runWithDefault(Realm.java:338) ~[na:na]
	at org.eclipse.ui.internal.Workbench.createAndRunWorkbench(Workbench.java:559) ~[na:na]
	at org.eclipse.ui.PlatformUI.createAndRunWorkbench(PlatformUI.java:150) ~[na:na]
	at org.eclipse.ui.internal.ide.application.IDEApplication.start(IDEApplication.java:155) ~[na:na]
	at org.eclipse.equinox.internal.app.EclipseAppHandle.run(EclipseAppHandle.java:203) ~[org.eclipse.equinox.app_1.4.200.v20190516-1504.jar:na]
	at org.eclipse.core.runtime.internal.adaptor.EclipseAppLauncher.runApplication(EclipseAppLauncher.java:137) ~[org.eclipse.osgi_3.14.0.v20190517-1309.jar:na]
	at org.eclipse.core.runtime.internal.adaptor.EclipseAppLauncher.start(EclipseAppLauncher.java:107) ~[org.eclipse.osgi_3.14.0.v20190517-1309.jar:na]
	at org.eclipse.core.runtime.adaptor.EclipseStarter.run(EclipseStarter.java:400) ~[org.eclipse.osgi_3.14.0.v20190517-1309.jar:na]
	at org.eclipse.core.runtime.adaptor.EclipseStarter.run(EclipseStarter.java:255) ~[org.eclipse.osgi_3.14.0.v20190517-1309.jar:na]
	at sun.reflect.NativeMethodAccessorImpl.invoke0(Native Method) ~[na:1.8.0_262]
	at sun.reflect.NativeMethodAccessorImpl.invoke(NativeMethodAccessorImpl.java:62) ~[na:1.8.0_262]
	at sun.reflect.DelegatingMethodAccessorImpl.invoke(DelegatingMethodAccessorImpl.java:43) ~[na:1.8.0_262]
	at java.lang.reflect.Method.invoke(Method.java:498) ~[na:1.8.0_262]
	at org.eclipse.equinox.launcher.Main.invokeFramework(Main.java:660) ~[org.eclipse.equinox.launcher_1.5.400.v20190515-0925.jar:na]
	at org.eclipse.equinox.launcher.Main.basicRun(Main.java:597) ~[org.eclipse.equinox.launcher_1.5.400.v20190515-0925.jar:na]
	at org.eclipse.equinox.launcher.Main.run(Main.java:1468) ~[org.eclipse.equinox.launcher_1.5.400.v20190515-0925.jar:na]
	at org.eclipse.equinox.launcher.Main.main(Main.java:1441) ~[org.eclipse.equinox.launcher_1.5.400.v20190515-0925.jar:na]
2020-09-28 13:37:56,178 [main] ERROR o.e.m.j.u.i.DownloadSourcesActionDelegate - Could not schedule source download
org.eclipse.jdt.core.JavaModelException: cloudcat-hive-ptest does not exist
	at org.eclipse.jdt.internal.core.JavaElement.newNotPresentException(JavaElement.java:575) ~[na:na]
	at org.eclipse.jdt.internal.core.JavaModelManager.getPerProjectInfoCheckExistence(JavaModelManager.java:2527) ~[na:na]
	at org.eclipse.jdt.internal.core.JavaProject.getPerProjectInfo(JavaProject.java:2384) ~[na:na]
	at org.eclipse.jdt.internal.core.JavaProject.getResolvedClasspath(JavaProject.java:2443) ~[na:na]
	at org.eclipse.jdt.internal.core.JavaProject.getClasspathEntryFor(JavaProject.java:1831) ~[na:na]
	at org.eclipse.jdt.internal.core.PackageFragmentRoot.getSourceAttachmentPath(PackageFragmentRoot.java:658) ~[na:na]
	at org.eclipse.m2e.jdt.ui.internal.DownloadSourcesActionDelegate.setActiveEditor(DownloadSourcesActionDelegate.java:51) ~[na:na]
	at org.eclipse.ui.internal.EditorPluginAction.editorChanged(EditorPluginAction.java:69) [org.eclipse.ui.workbench_3.115.0.v20190521-1602.jar:na]
	at org.eclipse.ui.internal.EditorActionBuilder$EditorContribution.editorChanged(EditorActionBuilder.java:79) [org.eclipse.ui.workbench_3.115.0.v20190521-1602.jar:na]
	at org.eclipse.ui.internal.EditorActionBuilder$ExternalContributor.setActiveEditor(EditorActionBuilder.java:125) [org.eclipse.ui.workbench_3.115.0.v20190521-1602.jar:na]
	at org.eclipse.ui.internal.EditorActionBars.partChanged(EditorActionBars.java:338) [org.eclipse.ui.workbench_3.115.0.v20190521-1602.jar:na]
	at org.eclipse.ui.internal.WorkbenchPage.updateActivations(WorkbenchPage.java:324) [org.eclipse.ui.workbench_3.115.0.v20190521-1602.jar:na]
	at org.eclipse.ui.internal.WorkbenchPage.access$2(WorkbenchPage.java:305) [org.eclipse.ui.workbench_3.115.0.v20190521-1602.jar:na]
	at org.eclipse.ui.internal.WorkbenchPage$E4PartListener.partActivated(WorkbenchPage.java:213) [org.eclipse.ui.workbench_3.115.0.v20190521-1602.jar:na]
	at org.eclipse.e4.ui.internal.workbench.PartServiceImpl$3.run(PartServiceImpl.java:253) [org.eclipse.e4.ui.workbench_1.10.0.v20190529-1505.jar:na]
	at org.eclipse.core.runtime.SafeRunner.run(SafeRunner.java:45) [org.eclipse.equinox.common_3.10.400.v20190516-1504.jar:na]
	at org.eclipse.e4.ui.internal.workbench.PartServiceImpl.firePartActivated(PartServiceImpl.java:250) [org.eclipse.e4.ui.workbench_1.10.0.v20190529-1505.jar:na]
	at org.eclipse.e4.ui.internal.workbench.PartServiceImpl.activate(PartServiceImpl.java:775) [org.eclipse.e4.ui.workbench_1.10.0.v20190529-1505.jar:na]
	at org.eclipse.e4.ui.internal.workbench.PartServiceImpl.activate(PartServiceImpl.java:684) [org.eclipse.e4.ui.workbench_1.10.0.v20190529-1505.jar:na]
	at org.eclipse.e4.ui.internal.workbench.swt.AbstractPartRenderer.activate(AbstractPartRenderer.java:97) [org.eclipse.e4.ui.workbench.swt_0.14.600.v20190513-2118.jar:na]
	at org.eclipse.e4.ui.workbench.renderers.swt.ContributedPartRenderer.lambda$0(ContributedPartRenderer.java:63) [org.eclipse.e4.ui.workbench.renderers.swt_0.14.700.v20190517-1525.jar:na]
	at org.eclipse.swt.widgets.EventTable.sendEvent(EventTable.java:89) ~[org.eclipse.swt.gtk.linux.x86_64_3.111.0.v20190605-1801.jar:na]
	at org.eclipse.swt.widgets.Display.sendEvent(Display.java:5874) ~[org.eclipse.swt.gtk.linux.x86_64_3.111.0.v20190605-1801.jar:na]
	at org.eclipse.swt.widgets.Widget.sendEvent(Widget.java:1400) ~[org.eclipse.swt.gtk.linux.x86_64_3.111.0.v20190605-1801.jar:na]
	at org.eclipse.swt.widgets.Widget.sendEvent(Widget.java:1426) ~[org.eclipse.swt.gtk.linux.x86_64_3.111.0.v20190605-1801.jar:na]
	at org.eclipse.swt.widgets.Widget.sendEvent(Widget.java:1409) ~[org.eclipse.swt.gtk.linux.x86_64_3.111.0.v20190605-1801.jar:na]
	at org.eclipse.swt.widgets.Shell.setActiveControl(Shell.java:2102) ~[org.eclipse.swt.gtk.linux.x86_64_3.111.0.v20190605-1801.jar:na]
	at org.eclipse.swt.widgets.Shell.setActiveControl(Shell.java:2065) ~[org.eclipse.swt.gtk.linux.x86_64_3.111.0.v20190605-1801.jar:na]
	at org.eclipse.swt.widgets.Control.sendFocusEvent(Control.java:4729) ~[org.eclipse.swt.gtk.linux.x86_64_3.111.0.v20190605-1801.jar:na]
	at org.eclipse.swt.widgets.Control.gtk_event_after(Control.java:3811) ~[org.eclipse.swt.gtk.linux.x86_64_3.111.0.v20190605-1801.jar:na]
	at org.eclipse.swt.widgets.Text.gtk_event_after(Text.java:1664) ~[org.eclipse.swt.gtk.linux.x86_64_3.111.0.v20190605-1801.jar:na]
	at org.eclipse.swt.widgets.Widget.windowProc(Widget.java:2228) ~[org.eclipse.swt.gtk.linux.x86_64_3.111.0.v20190605-1801.jar:na]
	at org.eclipse.swt.widgets.Control.windowProc(Control.java:6814) ~[org.eclipse.swt.gtk.linux.x86_64_3.111.0.v20190605-1801.jar:na]
	at org.eclipse.swt.widgets.Text.windowProc(Text.java:2935) ~[org.eclipse.swt.gtk.linux.x86_64_3.111.0.v20190605-1801.jar:na]
	at org.eclipse.swt.widgets.Display.windowProc(Display.java:6132) ~[org.eclipse.swt.gtk.linux.x86_64_3.111.0.v20190605-1801.jar:na]
	at org.eclipse.swt.internal.gtk.GTK._gtk_widget_grab_focus(Native Method) ~[org.eclipse.swt.gtk.linux.x86_64_3.111.0.v20190605-1801.jar:na]
	at org.eclipse.swt.internal.gtk.GTK.gtk_widget_grab_focus(GTK.java:8784) ~[org.eclipse.swt.gtk.linux.x86_64_3.111.0.v20190605-1801.jar:na]
	at org.eclipse.swt.widgets.Control.forceFocus(Control.java:2932) ~[org.eclipse.swt.gtk.linux.x86_64_3.111.0.v20190605-1801.jar:na]
	at org.eclipse.swt.widgets.Control.forceFocus(Control.java:2925) ~[org.eclipse.swt.gtk.linux.x86_64_3.111.0.v20190605-1801.jar:na]
	at org.eclipse.swt.widgets.Control.setFocus(Control.java:5414) ~[org.eclipse.swt.gtk.linux.x86_64_3.111.0.v20190605-1801.jar:na]
	at org.eclipse.swt.widgets.Composite.setFocus(Composite.java:1613) ~[org.eclipse.swt.gtk.linux.x86_64_3.111.0.v20190605-1801.jar:na]
	at org.eclipse.ui.internal.ErrorEditorPart.setFocus(ErrorEditorPart.java:84) ~[na:na]
	at org.eclipse.ui.internal.e4.compatibility.CompatibilityPart.delegateSetFocus(CompatibilityPart.java:222) ~[na:na]
	at sun.reflect.NativeMethodAccessorImpl.invoke0(Native Method) ~[na:1.8.0_262]
	at sun.reflect.NativeMethodAccessorImpl.invoke(NativeMethodAccessorImpl.java:62) ~[na:1.8.0_262]
	at sun.reflect.DelegatingMethodAccessorImpl.invoke(DelegatingMethodAccessorImpl.java:43) ~[na:1.8.0_262]
	at java.lang.reflect.Method.invoke(Method.java:498) ~[na:1.8.0_262]
	at org.eclipse.e4.core.internal.di.MethodRequestor.execute(MethodRequestor.java:58) ~[org.eclipse.e4.core.di_1.7.200.v20190506-1457.jar:na]
	at org.eclipse.e4.core.internal.di.InjectorImpl.invokeUsingClass(InjectorImpl.java:320) ~[org.eclipse.e4.core.di_1.7.200.v20190506-1457.jar:na]
	at org.eclipse.e4.core.internal.di.InjectorImpl.invokeUsingClass(InjectorImpl.java:326) ~[org.eclipse.e4.core.di_1.7.200.v20190506-1457.jar:na]
	at org.eclipse.e4.core.internal.di.InjectorImpl.invoke(InjectorImpl.java:248) ~[org.eclipse.e4.core.di_1.7.200.v20190506-1457.jar:na]
	at org.eclipse.e4.core.contexts.ContextInjectionFactory.invoke(ContextInjectionFactory.java:147) ~[org.eclipse.e4.core.contexts_1.8.100.v20190518-1217.jar:na]
	at org.eclipse.e4.ui.internal.workbench.swt.PartRenderingEngine.focusGui(PartRenderingEngine.java:808) ~[org.eclipse.e4.ui.workbench.swt_0.14.600.v20190513-2118.jar:na]
	at org.eclipse.e4.ui.workbench.renderers.swt.ContributedPartRenderer$1.setFocus(ContributedPartRenderer.java:106) ~[org.eclipse.e4.ui.workbench.renderers.swt_0.14.700.v20190517-1525.jar:na]
	at org.eclipse.swt.custom.CTabItem.setFocus(CTabItem.java:343) ~[org.eclipse.swt.gtk.linux.x86_64_3.111.0.v20190605-1801.jar:na]
	at org.eclipse.swt.custom.CTabFolder.setFocus(CTabFolder.java:2637) ~[org.eclipse.swt.gtk.linux.x86_64_3.111.0.v20190605-1801.jar:na]
	at org.eclipse.swt.widgets.Control.fixFocus(Control.java:343) ~[org.eclipse.swt.gtk.linux.x86_64_3.111.0.v20190605-1801.jar:na]
	at org.eclipse.swt.widgets.Control.setVisible(Control.java:6102) ~[org.eclipse.swt.gtk.linux.x86_64_3.111.0.v20190605-1801.jar:na]
	at org.eclipse.swt.custom.CTabFolder.setSelection(CTabFolder.java:3181) ~[org.eclipse.swt.gtk.linux.x86_64_3.111.0.v20190605-1801.jar:na]
	at org.eclipse.swt.custom.CTabFolder.setSelection(CTabFolder.java:3138) ~[org.eclipse.swt.gtk.linux.x86_64_3.111.0.v20190605-1801.jar:na]
	at org.eclipse.e4.ui.workbench.renderers.swt.StackRenderer.showTab(StackRenderer.java:1306) ~[org.eclipse.e4.ui.workbench.renderers.swt_0.14.700.v20190517-1525.jar:na]
	at org.eclipse.e4.ui.workbench.renderers.swt.LazyStackRenderer.lambda$0(LazyStackRenderer.java:75) ~[org.eclipse.e4.ui.workbench.renderers.swt_0.14.700.v20190517-1525.jar:na]
	at org.eclipse.e4.ui.services.internal.events.UIEventHandler.lambda$0(UIEventHandler.java:38) ~[org.eclipse.e4.ui.services_1.3.500.v20190513-2118.jar:na]
	at org.eclipse.swt.widgets.Synchronizer.syncExec(Synchronizer.java:236) ~[org.eclipse.swt.gtk.linux.x86_64_3.111.0.v20190605-1801.jar:na]
	at org.eclipse.ui.internal.UISynchronizer.syncExec(UISynchronizer.java:146) ~[na:na]
	at org.eclipse.swt.widgets.Display.syncExec(Display.java:6018) ~[org.eclipse.swt.gtk.linux.x86_64_3.111.0.v20190605-1801.jar:na]
	at org.eclipse.e4.ui.internal.workbench.swt.E4Application$1.syncExec(E4Application.java:219) ~[org.eclipse.e4.ui.workbench.swt_0.14.600.v20190513-2118.jar:na]
	at org.eclipse.e4.ui.services.internal.events.UIEventHandler.handleEvent(UIEventHandler.java:38) ~[org.eclipse.e4.ui.services_1.3.500.v20190513-2118.jar:na]
	at org.eclipse.equinox.internal.event.EventHandlerWrapper.handleEvent(EventHandlerWrapper.java:205) ~[na:na]
	at org.eclipse.equinox.internal.event.EventHandlerTracker.dispatchEvent(EventHandlerTracker.java:203) ~[na:na]
	at org.eclipse.equinox.internal.event.EventHandlerTracker.dispatchEvent(EventHandlerTracker.java:1) ~[na:na]
	at org.eclipse.osgi.framework.eventmgr.EventManager.dispatchEvent(EventManager.java:234) ~[org.eclipse.osgi_3.14.0.v20190517-1309.jar:na]
	at org.eclipse.osgi.framework.eventmgr.ListenerQueue.dispatchEventSynchronous(ListenerQueue.java:151) ~[org.eclipse.osgi_3.14.0.v20190517-1309.jar:na]
	at org.eclipse.equinox.internal.event.EventAdminImpl.dispatchEvent(EventAdminImpl.java:132) ~[na:na]
	at org.eclipse.equinox.internal.event.EventAdminImpl.sendEvent(EventAdminImpl.java:75) ~[na:na]
	at org.eclipse.equinox.internal.event.EventComponent.sendEvent(EventComponent.java:44) ~[na:na]
	at org.eclipse.e4.ui.services.internal.events.EventBroker.send(EventBroker.java:55) ~[org.eclipse.e4.ui.services_1.3.500.v20190513-2118.jar:na]
	at org.eclipse.e4.ui.internal.workbench.UIEventPublisher.notifyChanged(UIEventPublisher.java:63) ~[org.eclipse.e4.ui.workbench_1.10.0.v20190529-1505.jar:na]
	at org.eclipse.emf.common.notify.impl.BasicNotifierImpl.eNotify(BasicNotifierImpl.java:424) ~[org.eclipse.emf.common_2.16.0.v20190528-0845.jar:na]
	at org.eclipse.e4.ui.model.application.ui.impl.ElementContainerImpl.setSelectedElementGen(ElementContainerImpl.java:170) ~[org.eclipse.e4.ui.model.workbench_2.1.400.v20190513-2118.jar:na]
	at org.eclipse.e4.ui.model.application.ui.impl.ElementContainerImpl.setSelectedElement(ElementContainerImpl.java:188) ~[org.eclipse.e4.ui.model.workbench_2.1.400.v20190513-2118.jar:na]
	at org.eclipse.e4.ui.internal.workbench.ModelServiceImpl.showElementInWindow(ModelServiceImpl.java:652) ~[org.eclipse.e4.ui.workbench_1.10.0.v20190529-1505.jar:na]
	at org.eclipse.e4.ui.internal.workbench.ModelServiceImpl.bringToTop(ModelServiceImpl.java:616) ~[org.eclipse.e4.ui.workbench_1.10.0.v20190529-1505.jar:na]
	at org.eclipse.e4.ui.internal.workbench.PartServiceImpl.delegateBringToTop(PartServiceImpl.java:791) [org.eclipse.e4.ui.workbench_1.10.0.v20190529-1505.jar:na]
	at org.eclipse.e4.ui.internal.workbench.PartServiceImpl.showPart(PartServiceImpl.java:1237) [org.eclipse.e4.ui.workbench_1.10.0.v20190529-1505.jar:na]
	at org.eclipse.ui.internal.WorkbenchPage.busyOpenEditor(WorkbenchPage.java:3168) [org.eclipse.ui.workbench_3.115.0.v20190521-1602.jar:na]
	at org.eclipse.ui.internal.WorkbenchPage.lambda$9(WorkbenchPage.java:3114) [org.eclipse.ui.workbench_3.115.0.v20190521-1602.jar:na]
	at org.eclipse.swt.custom.BusyIndicator.showWhile(BusyIndicator.java:72) ~[org.eclipse.swt.gtk.linux.x86_64_3.111.0.v20190605-1801.jar:na]
	at org.eclipse.ui.internal.WorkbenchPage.openEditor(WorkbenchPage.java:3112) [org.eclipse.ui.workbench_3.115.0.v20190521-1602.jar:na]
	at org.eclipse.ui.internal.WorkbenchPage.openEditor(WorkbenchPage.java:3083) [org.eclipse.ui.workbench_3.115.0.v20190521-1602.jar:na]
	at org.eclipse.ui.internal.WorkbenchPage.openEditor(WorkbenchPage.java:3074) [org.eclipse.ui.workbench_3.115.0.v20190521-1602.jar:na]
	at org.eclipse.ui.internal.NavigationHistoryEntry.restoreLocation(NavigationHistoryEntry.java:68) ~[na:na]
	at org.eclipse.ui.internal.NavigationHistory.gotoEntry(NavigationHistory.java:436) ~[na:na]
	at org.eclipse.ui.internal.NavigationHistory.shiftEntry(NavigationHistory.java:495) ~[na:na]
	at org.eclipse.ui.internal.NavigationHistory.backward(NavigationHistory.java:479) ~[na:na]
	at org.eclipse.ui.internal.NavigationHistoryAction.run(NavigationHistoryAction.java:224) ~[na:na]
	at org.eclipse.jface.action.Action.runWithEvent(Action.java:474) ~[org.eclipse.jface_3.16.0.v20190528-0922.jar:na]
	at org.eclipse.jface.commands.ActionHandler.execute(ActionHandler.java:121) ~[org.eclipse.jface_3.16.0.v20190528-0922.jar:na]
	at org.eclipse.ui.internal.handlers.E4HandlerProxy.execute(E4HandlerProxy.java:95) ~[na:na]
	at sun.reflect.NativeMethodAccessorImpl.invoke0(Native Method) ~[na:1.8.0_262]
	at sun.reflect.NativeMethodAccessorImpl.invoke(NativeMethodAccessorImpl.java:62) ~[na:1.8.0_262]
	at sun.reflect.DelegatingMethodAccessorImpl.invoke(DelegatingMethodAccessorImpl.java:43) ~[na:1.8.0_262]
	at java.lang.reflect.Method.invoke(Method.java:498) ~[na:1.8.0_262]
	at org.eclipse.e4.core.internal.di.MethodRequestor.execute(MethodRequestor.java:58) ~[org.eclipse.e4.core.di_1.7.200.v20190506-1457.jar:na]
	at org.eclipse.e4.core.internal.di.InjectorImpl.invokeUsingClass(InjectorImpl.java:320) ~[org.eclipse.e4.core.di_1.7.200.v20190506-1457.jar:na]
	at org.eclipse.e4.core.internal.di.InjectorImpl.invoke(InjectorImpl.java:254) ~[org.eclipse.e4.core.di_1.7.200.v20190506-1457.jar:na]
	at org.eclipse.e4.core.contexts.ContextInjectionFactory.invoke(ContextInjectionFactory.java:173) ~[org.eclipse.e4.core.contexts_1.8.100.v20190518-1217.jar:na]
	at org.eclipse.e4.core.commands.internal.HandlerServiceHandler.execute(HandlerServiceHandler.java:156) ~[org.eclipse.e4.core.commands_0.12.600.v20190510-1100.jar:na]
	at org.eclipse.core.commands.Command.executeWithChecks(Command.java:498) ~[org.eclipse.core.commands_3.9.400.v20190516-1358.jar:na]
	at org.eclipse.core.commands.ParameterizedCommand.executeWithChecks(ParameterizedCommand.java:488) ~[org.eclipse.core.commands_3.9.400.v20190516-1358.jar:na]
	at org.eclipse.e4.core.commands.internal.HandlerServiceImpl.executeHandler(HandlerServiceImpl.java:213) ~[org.eclipse.e4.core.commands_0.12.600.v20190510-1100.jar:na]
	at org.eclipse.e4.ui.bindings.keys.KeyBindingDispatcher.executeCommand(KeyBindingDispatcher.java:308) ~[org.eclipse.e4.ui.bindings_0.12.500.v20190510-1100.jar:na]
	at org.eclipse.e4.ui.bindings.keys.KeyBindingDispatcher.press(KeyBindingDispatcher.java:584) ~[org.eclipse.e4.ui.bindings_0.12.500.v20190510-1100.jar:na]
	at org.eclipse.e4.ui.bindings.keys.KeyBindingDispatcher.processKeyEvent(KeyBindingDispatcher.java:653) ~[org.eclipse.e4.ui.bindings_0.12.500.v20190510-1100.jar:na]
	at org.eclipse.e4.ui.bindings.keys.KeyBindingDispatcher.filterKeySequenceBindings(KeyBindingDispatcher.java:443) ~[org.eclipse.e4.ui.bindings_0.12.500.v20190510-1100.jar:na]
	at org.eclipse.e4.ui.bindings.keys.KeyBindingDispatcher.access$2(KeyBindingDispatcher.java:386) ~[org.eclipse.e4.ui.bindings_0.12.500.v20190510-1100.jar:na]
	at org.eclipse.e4.ui.bindings.keys.KeyBindingDispatcher$KeyDownFilter.handleEvent(KeyBindingDispatcher.java:96) ~[org.eclipse.e4.ui.bindings_0.12.500.v20190510-1100.jar:na]
	at org.eclipse.swt.widgets.EventTable.sendEvent(EventTable.java:89) ~[org.eclipse.swt.gtk.linux.x86_64_3.111.0.v20190605-1801.jar:na]
	at org.eclipse.swt.widgets.Display.filterEvent(Display.java:1796) ~[org.eclipse.swt.gtk.linux.x86_64_3.111.0.v20190605-1801.jar:na]
	at org.eclipse.swt.widgets.Widget.sendEvent(Widget.java:1399) ~[org.eclipse.swt.gtk.linux.x86_64_3.111.0.v20190605-1801.jar:na]
	at org.eclipse.swt.widgets.Widget.sendEvent(Widget.java:1426) ~[org.eclipse.swt.gtk.linux.x86_64_3.111.0.v20190605-1801.jar:na]
	at org.eclipse.swt.widgets.Widget.sendEvent(Widget.java:1409) ~[org.eclipse.swt.gtk.linux.x86_64_3.111.0.v20190605-1801.jar:na]
	at org.eclipse.swt.widgets.Control.traverse(Control.java:6633) ~[org.eclipse.swt.gtk.linux.x86_64_3.111.0.v20190605-1801.jar:na]
	at org.eclipse.swt.widgets.Control.translateTraversal(Control.java:6611) ~[org.eclipse.swt.gtk.linux.x86_64_3.111.0.v20190605-1801.jar:na]
	at org.eclipse.swt.widgets.Composite.translateTraversal(Composite.java:1791) ~[org.eclipse.swt.gtk.linux.x86_64_3.111.0.v20190605-1801.jar:na]
	at org.eclipse.swt.widgets.Control.gtk_key_press_event(Control.java:3975) ~[org.eclipse.swt.gtk.linux.x86_64_3.111.0.v20190605-1801.jar:na]
	at org.eclipse.swt.widgets.Composite.gtk_key_press_event(Composite.java:857) ~[org.eclipse.swt.gtk.linux.x86_64_3.111.0.v20190605-1801.jar:na]
	at org.eclipse.swt.widgets.Widget.windowProc(Widget.java:2238) ~[org.eclipse.swt.gtk.linux.x86_64_3.111.0.v20190605-1801.jar:na]
	at org.eclipse.swt.widgets.Control.windowProc(Control.java:6814) ~[org.eclipse.swt.gtk.linux.x86_64_3.111.0.v20190605-1801.jar:na]
	at org.eclipse.swt.widgets.Display.windowProc(Display.java:6132) ~[org.eclipse.swt.gtk.linux.x86_64_3.111.0.v20190605-1801.jar:na]
	at org.eclipse.swt.internal.gtk.GTK._gtk_main_do_event(Native Method) ~[org.eclipse.swt.gtk.linux.x86_64_3.111.0.v20190605-1801.jar:na]
	at org.eclipse.swt.internal.gtk.GTK.gtk_main_do_event(GTK.java:4166) ~[org.eclipse.swt.gtk.linux.x86_64_3.111.0.v20190605-1801.jar:na]
	at org.eclipse.swt.widgets.Display.eventProc(Display.java:1429) ~[org.eclipse.swt.gtk.linux.x86_64_3.111.0.v20190605-1801.jar:na]
	at org.eclipse.swt.internal.gtk.OS._g_main_context_iteration(Native Method) ~[org.eclipse.swt.gtk.linux.x86_64_3.111.0.v20190605-1801.jar:na]
	at org.eclipse.swt.internal.gtk.OS.g_main_context_iteration(OS.java:1585) ~[org.eclipse.swt.gtk.linux.x86_64_3.111.0.v20190605-1801.jar:na]
	at org.eclipse.swt.widgets.Display.readAndDispatch(Display.java:4661) ~[org.eclipse.swt.gtk.linux.x86_64_3.111.0.v20190605-1801.jar:na]
	at org.eclipse.e4.ui.internal.workbench.swt.PartRenderingEngine$5.run(PartRenderingEngine.java:1173) ~[org.eclipse.e4.ui.workbench.swt_0.14.600.v20190513-2118.jar:na]
	at org.eclipse.core.databinding.observable.Realm.runWithDefault(Realm.java:338) ~[na:na]
	at org.eclipse.e4.ui.internal.workbench.swt.PartRenderingEngine.run(PartRenderingEngine.java:1062) ~[org.eclipse.e4.ui.workbench.swt_0.14.600.v20190513-2118.jar:na]
	at org.eclipse.e4.ui.internal.workbench.E4Workbench.createAndRunUI(E4Workbench.java:155) ~[org.eclipse.e4.ui.workbench_1.10.0.v20190529-1505.jar:na]
	at org.eclipse.ui.internal.Workbench.lambda$3(Workbench.java:635) ~[na:na]
	at org.eclipse.core.databinding.observable.Realm.runWithDefault(Realm.java:338) ~[na:na]
	at org.eclipse.ui.internal.Workbench.createAndRunWorkbench(Workbench.java:559) ~[na:na]
	at org.eclipse.ui.PlatformUI.createAndRunWorkbench(PlatformUI.java:150) ~[na:na]
	at org.eclipse.ui.internal.ide.application.IDEApplication.start(IDEApplication.java:155) ~[na:na]
	at org.eclipse.equinox.internal.app.EclipseAppHandle.run(EclipseAppHandle.java:203) ~[org.eclipse.equinox.app_1.4.200.v20190516-1504.jar:na]
	at org.eclipse.core.runtime.internal.adaptor.EclipseAppLauncher.runApplication(EclipseAppLauncher.java:137) ~[org.eclipse.osgi_3.14.0.v20190517-1309.jar:na]
	at org.eclipse.core.runtime.internal.adaptor.EclipseAppLauncher.start(EclipseAppLauncher.java:107) ~[org.eclipse.osgi_3.14.0.v20190517-1309.jar:na]
	at org.eclipse.core.runtime.adaptor.EclipseStarter.run(EclipseStarter.java:400) ~[org.eclipse.osgi_3.14.0.v20190517-1309.jar:na]
	at org.eclipse.core.runtime.adaptor.EclipseStarter.run(EclipseStarter.java:255) ~[org.eclipse.osgi_3.14.0.v20190517-1309.jar:na]
	at sun.reflect.NativeMethodAccessorImpl.invoke0(Native Method) ~[na:1.8.0_262]
	at sun.reflect.NativeMethodAccessorImpl.invoke(NativeMethodAccessorImpl.java:62) ~[na:1.8.0_262]
	at sun.reflect.DelegatingMethodAccessorImpl.invoke(DelegatingMethodAccessorImpl.java:43) ~[na:1.8.0_262]
	at java.lang.reflect.Method.invoke(Method.java:498) ~[na:1.8.0_262]
	at org.eclipse.equinox.launcher.Main.invokeFramework(Main.java:660) ~[org.eclipse.equinox.launcher_1.5.400.v20190515-0925.jar:na]
	at org.eclipse.equinox.launcher.Main.basicRun(Main.java:597) ~[org.eclipse.equinox.launcher_1.5.400.v20190515-0925.jar:na]
	at org.eclipse.equinox.launcher.Main.run(Main.java:1468) ~[org.eclipse.equinox.launcher_1.5.400.v20190515-0925.jar:na]
	at org.eclipse.equinox.launcher.Main.main(Main.java:1441) ~[org.eclipse.equinox.launcher_1.5.400.v20190515-0925.jar:na]
2020-09-29 12:44:32,894 [main] WARN  o.e.j.i.s.file.ObjectDirectory - Pack file /work/reference/hive/.git/objects/pack/pack-614b55c74add4c4e1168c2d53715af0d2f1436f7.pack was deleted, removing it from pack list
java.io.FileNotFoundException: /work/reference/hive/.git/objects/pack/pack-614b55c74add4c4e1168c2d53715af0d2f1436f7.pack (No such file or directory)
	at java.io.RandomAccessFile.open0(Native Method) ~[na:1.8.0_262]
	at java.io.RandomAccessFile.open(RandomAccessFile.java:316) ~[na:1.8.0_262]
	at java.io.RandomAccessFile.<init>(RandomAccessFile.java:243) ~[na:1.8.0_262]
	at org.eclipse.jgit.internal.storage.file.PackFile.doOpen(PackFile.java:686) ~[org.eclipse.jgit_5.4.0.201906121030-r.jar:5.4.0.201906121030-r]
	at org.eclipse.jgit.internal.storage.file.PackFile.beginWindowCache(PackFile.java:667) ~[org.eclipse.jgit_5.4.0.201906121030-r.jar:5.4.0.201906121030-r]
	at org.eclipse.jgit.internal.storage.file.WindowCache.load(WindowCache.java:295) ~[org.eclipse.jgit_5.4.0.201906121030-r.jar:5.4.0.201906121030-r]
	at org.eclipse.jgit.internal.storage.file.WindowCache.getOrLoad(WindowCache.java:373) ~[org.eclipse.jgit_5.4.0.201906121030-r.jar:5.4.0.201906121030-r]
	at org.eclipse.jgit.internal.storage.file.WindowCache.get(WindowCache.java:184) ~[org.eclipse.jgit_5.4.0.201906121030-r.jar:5.4.0.201906121030-r]
	at org.eclipse.jgit.internal.storage.file.WindowCursor.pin(WindowCursor.java:360) [org.eclipse.jgit_5.4.0.201906121030-r.jar:5.4.0.201906121030-r]
	at org.eclipse.jgit.internal.storage.file.WindowCursor.copy(WindowCursor.java:259) [org.eclipse.jgit_5.4.0.201906121030-r.jar:5.4.0.201906121030-r]
	at org.eclipse.jgit.internal.storage.file.PackFile.readFully(PackFile.java:643) ~[org.eclipse.jgit_5.4.0.201906121030-r.jar:5.4.0.201906121030-r]
	at org.eclipse.jgit.internal.storage.file.PackFile.load(PackFile.java:825) ~[org.eclipse.jgit_5.4.0.201906121030-r.jar:5.4.0.201906121030-r]
	at org.eclipse.jgit.internal.storage.file.PackFile.get(PackFile.java:313) ~[org.eclipse.jgit_5.4.0.201906121030-r.jar:5.4.0.201906121030-r]
	at org.eclipse.jgit.internal.storage.file.ObjectDirectory.openPackedObject(ObjectDirectory.java:488) [org.eclipse.jgit_5.4.0.201906121030-r.jar:5.4.0.201906121030-r]
	at org.eclipse.jgit.internal.storage.file.ObjectDirectory.openPackedFromSelfOrAlternate(ObjectDirectory.java:446) [org.eclipse.jgit_5.4.0.201906121030-r.jar:5.4.0.201906121030-r]
	at org.eclipse.jgit.internal.storage.file.ObjectDirectory.openPackedFromSelfOrAlternate(ObjectDirectory.java:453) [org.eclipse.jgit_5.4.0.201906121030-r.jar:5.4.0.201906121030-r]
	at org.eclipse.jgit.internal.storage.file.ObjectDirectory.openObject(ObjectDirectory.java:437) [org.eclipse.jgit_5.4.0.201906121030-r.jar:5.4.0.201906121030-r]
	at org.eclipse.jgit.internal.storage.file.WindowCursor.open(WindowCursor.java:165) [org.eclipse.jgit_5.4.0.201906121030-r.jar:5.4.0.201906121030-r]
	at org.eclipse.jgit.treewalk.CanonicalTreeParser.reset(CanonicalTreeParser.java:224) [org.eclipse.jgit_5.4.0.201906121030-r.jar:5.4.0.201906121030-r]
	at org.eclipse.jgit.treewalk.CanonicalTreeParser.createSubtreeIterator0(CanonicalTreeParser.java:259) [org.eclipse.jgit_5.4.0.201906121030-r.jar:5.4.0.201906121030-r]
	at org.eclipse.jgit.treewalk.CanonicalTreeParser.createSubtreeIterator(CanonicalTreeParser.java:237) [org.eclipse.jgit_5.4.0.201906121030-r.jar:5.4.0.201906121030-r]
	at org.eclipse.jgit.treewalk.CanonicalTreeParser.createSubtreeIterator(CanonicalTreeParser.java:1) [org.eclipse.jgit_5.4.0.201906121030-r.jar:5.4.0.201906121030-r]
	at org.eclipse.jgit.treewalk.TreeWalk.enterSubtree(TreeWalk.java:1303) [org.eclipse.jgit_5.4.0.201906121030-r.jar:5.4.0.201906121030-r]
	at org.eclipse.jgit.treewalk.TreeWalk.next(TreeWalk.java:859) [org.eclipse.jgit_5.4.0.201906121030-r.jar:5.4.0.201906121030-r]
	at org.eclipse.jgit.diff.DiffEntry.scan(DiffEntry.java:188) [org.eclipse.jgit_5.4.0.201906121030-r.jar:5.4.0.201906121030-r]
	at org.eclipse.jgit.diff.DiffEntry.scan(DiffEntry.java:143) [org.eclipse.jgit_5.4.0.201906121030-r.jar:5.4.0.201906121030-r]
	at org.eclipse.jgit.diff.DiffEntry.scan(DiffEntry.java:120) [org.eclipse.jgit_5.4.0.201906121030-r.jar:5.4.0.201906121030-r]
	at org.eclipse.egit.core.internal.CompareCoreUtils.getChangeDiffEntry(CompareCoreUtils.java:132) [org.eclipse.egit.core_5.4.0.201906121030-r.jar:na]
	at org.eclipse.egit.ui.internal.blame.BlameRevision.calculateDiffToParent(BlameRevision.java:213) [org.eclipse.egit.ui_5.4.0.201906121030-r.jar:na]
	at org.eclipse.egit.ui.internal.blame.BlameRevision.getDiffToParent(BlameRevision.java:206) [org.eclipse.egit.ui_5.4.0.201906121030-r.jar:na]
	at org.eclipse.egit.ui.internal.blame.BlameInformationControl.createDiff(BlameInformationControl.java:328) [org.eclipse.egit.ui_5.4.0.201906121030-r.jar:na]
	at org.eclipse.egit.ui.internal.blame.BlameInformationControl.createDiffs(BlameInformationControl.java:316) [org.eclipse.egit.ui_5.4.0.201906121030-r.jar:na]
	at org.eclipse.egit.ui.internal.blame.BlameInformationControl.setInput(BlameInformationControl.java:298) [org.eclipse.egit.ui_5.4.0.201906121030-r.jar:na]
	at org.eclipse.jface.text.AbstractInformationControlManager.internalShowInformationControl(AbstractInformationControlManager.java:1151) [org.eclipse.jface.text_3.15.200.v20190519-2344.jar:na]
	at org.eclipse.jface.text.AbstractInformationControlManager.presentInformation(AbstractInformationControlManager.java:1120) [org.eclipse.jface.text_3.15.200.v20190519-2344.jar:na]
	at org.eclipse.jface.text.AbstractHoverInformationControlManager.presentInformation(AbstractHoverInformationControlManager.java:884) [org.eclipse.jface.text_3.15.200.v20190519-2344.jar:na]
	at org.eclipse.jface.text.AbstractInformationControlManager.setInformation(AbstractInformationControlManager.java:431) [org.eclipse.jface.text_3.15.200.v20190519-2344.jar:na]
	at org.eclipse.jface.text.source.AnnotationBarHoverManager.computeInformation(AnnotationBarHoverManager.java:340) [org.eclipse.jface.text_3.15.200.v20190519-2344.jar:na]
	at org.eclipse.jface.text.AbstractInformationControlManager.doShowInformation(AbstractInformationControlManager.java:1101) [org.eclipse.jface.text_3.15.200.v20190519-2344.jar:na]
	at org.eclipse.jface.text.AbstractHoverInformationControlManager$MouseTracker.mouseHover(AbstractHoverInformationControlManager.java:511) [org.eclipse.jface.text_3.15.200.v20190519-2344.jar:na]
	at org.eclipse.swt.widgets.TypedListener.handleEvent(TypedListener.java:212) [org.eclipse.swt.gtk.linux.x86_64_3.111.0.v20190605-1801.jar:na]
	at org.eclipse.swt.widgets.EventTable.sendEvent(EventTable.java:89) [org.eclipse.swt.gtk.linux.x86_64_3.111.0.v20190605-1801.jar:na]
	at org.eclipse.swt.widgets.Display.sendEvent(Display.java:5874) [org.eclipse.swt.gtk.linux.x86_64_3.111.0.v20190605-1801.jar:na]
	at org.eclipse.swt.widgets.Widget.sendEvent(Widget.java:1400) [org.eclipse.swt.gtk.linux.x86_64_3.111.0.v20190605-1801.jar:na]
	at org.eclipse.swt.widgets.Display.runDeferredEvents(Display.java:5138) [org.eclipse.swt.gtk.linux.x86_64_3.111.0.v20190605-1801.jar:na]
	at org.eclipse.swt.widgets.Display.readAndDispatch(Display.java:4663) [org.eclipse.swt.gtk.linux.x86_64_3.111.0.v20190605-1801.jar:na]
	at org.eclipse.e4.ui.internal.workbench.swt.PartRenderingEngine$5.run(PartRenderingEngine.java:1173) [org.eclipse.e4.ui.workbench.swt_0.14.600.v20190513-2118.jar:na]
	at org.eclipse.core.databinding.observable.Realm.runWithDefault(Realm.java:338) [org.eclipse.core.databinding.observable_1.7.0.v20190515-0910.jar:na]
	at org.eclipse.e4.ui.internal.workbench.swt.PartRenderingEngine.run(PartRenderingEngine.java:1062) [org.eclipse.e4.ui.workbench.swt_0.14.600.v20190513-2118.jar:na]
	at org.eclipse.e4.ui.internal.workbench.E4Workbench.createAndRunUI(E4Workbench.java:155) [org.eclipse.e4.ui.workbench_1.10.0.v20190529-1505.jar:na]
	at org.eclipse.ui.internal.Workbench.lambda$3(Workbench.java:635) [org.eclipse.ui.workbench_3.115.0.v20190521-1602.jar:na]
	at org.eclipse.core.databinding.observable.Realm.runWithDefault(Realm.java:338) [org.eclipse.core.databinding.observable_1.7.0.v20190515-0910.jar:na]
	at org.eclipse.ui.internal.Workbench.createAndRunWorkbench(Workbench.java:559) [org.eclipse.ui.workbench_3.115.0.v20190521-1602.jar:na]
	at org.eclipse.ui.PlatformUI.createAndRunWorkbench(PlatformUI.java:150) ~[org.eclipse.ui.workbench_3.115.0.v20190521-1602.jar:na]
	at org.eclipse.ui.internal.ide.application.IDEApplication.start(IDEApplication.java:155) ~[na:na]
	at org.eclipse.equinox.internal.app.EclipseAppHandle.run(EclipseAppHandle.java:203) ~[org.eclipse.equinox.app_1.4.200.v20190516-1504.jar:na]
	at org.eclipse.core.runtime.internal.adaptor.EclipseAppLauncher.runApplication(EclipseAppLauncher.java:137) ~[org.eclipse.osgi_3.14.0.v20190517-1309.jar:na]
	at org.eclipse.core.runtime.internal.adaptor.EclipseAppLauncher.start(EclipseAppLauncher.java:107) ~[org.eclipse.osgi_3.14.0.v20190517-1309.jar:na]
	at org.eclipse.core.runtime.adaptor.EclipseStarter.run(EclipseStarter.java:400) ~[org.eclipse.osgi_3.14.0.v20190517-1309.jar:na]
	at org.eclipse.core.runtime.adaptor.EclipseStarter.run(EclipseStarter.java:255) ~[org.eclipse.osgi_3.14.0.v20190517-1309.jar:na]
	at sun.reflect.NativeMethodAccessorImpl.invoke0(Native Method) ~[na:1.8.0_262]
	at sun.reflect.NativeMethodAccessorImpl.invoke(NativeMethodAccessorImpl.java:62) ~[na:1.8.0_262]
	at sun.reflect.DelegatingMethodAccessorImpl.invoke(DelegatingMethodAccessorImpl.java:43) ~[na:1.8.0_262]
	at java.lang.reflect.Method.invoke(Method.java:498) ~[na:1.8.0_262]
	at org.eclipse.equinox.launcher.Main.invokeFramework(Main.java:660) ~[org.eclipse.equinox.launcher_1.5.400.v20190515-0925.jar:na]
	at org.eclipse.equinox.launcher.Main.basicRun(Main.java:597) ~[org.eclipse.equinox.launcher_1.5.400.v20190515-0925.jar:na]
	at org.eclipse.equinox.launcher.Main.run(Main.java:1468) ~[org.eclipse.equinox.launcher_1.5.400.v20190515-0925.jar:na]
	at org.eclipse.equinox.launcher.Main.main(Main.java:1441) ~[org.eclipse.equinox.launcher_1.5.400.v20190515-0925.jar:na]
2020-10-08 20:03:14,287 [Worker-6: Loading available Gradle versions] INFO  o.e.b.c.i.u.g.PublishedGradleVersions - Gradle version information cache is out-of-date. Trying to update.
2020-10-28 18:39:15,344 [Worker-0: Loading available Gradle versions] INFO  o.e.b.c.i.u.g.PublishedGradleVersions - Gradle version information cache is out-of-date. Trying to update.
2020-11-03 12:37:33,649 [Worker-1: Loading available Gradle versions] INFO  o.e.b.c.i.u.g.PublishedGradleVersions - Gradle version information cache is out-of-date. Trying to update.
2020-11-03 12:38:20,006 [Worker-0: Loading available Gradle versions] INFO  o.e.b.c.i.u.g.PublishedGradleVersions - Gradle version information cache is up-to-date. Trying to read.
2020-11-05 07:59:07,449 [Worker-1: Loading available Gradle versions] INFO  o.e.b.c.i.u.g.PublishedGradleVersions - Gradle version information cache is out-of-date. Trying to update.
